This file contains any messages produced by compilers while
running configure, to aid debugging if configure makes a mistake.

It was created by xrandr configure 1.3.4, which was
generated by GNU Autoconf 2.68.  Invocation command line was

  $ ./configure 

## --------- ##
## Platform. ##
## --------- ##

hostname = blackiii
uname -m = arm
uname -r = 3.2.0-26-generic
uname -s = Linux
uname -v = #41-Ubuntu SMP Thu Jun 14 17:49:24 UTC 2012

/usr/bin/uname -p = unknown
/bin/uname -X     = unknown

/bin/arch              = arm
/usr/bin/arch -k       = arm
/usr/convex/getsysinfo = unknown
/usr/bin/hostinfo      = unknown
/bin/machine           = unknown
/usr/bin/oslevel       = unknown
/bin/universe          = unknown

PATH: /host_usr/bin
PATH: /scratchbox/devkits/hashutils-squeeze-sdk/bin
PATH: /scratchbox/devkits/debian-squeeze/bin
PATH: /scratchbox/devkits/perl/bin
PATH: /scratchbox/devkits/qemu/bin
PATH: /scratchbox/tools/bin
PATH: /targets/links/arch_tools/bin
PATH: /scratchbox/compilers/bin
PATH: /bin
PATH: /usr/bin
PATH: /usr/local/bin
PATH: /usr/X11R6/bin
PATH: /sbin
PATH: /usr/sbin


## ----------- ##
## Core tests. ##
## ----------- ##

configure:2103: checking for a BSD-compatible install
configure:2171: result: /scratchbox/tools/bin/install -c
configure:2182: checking whether build environment is sane
configure:2232: result: yes
configure:2373: checking for a thread-safe mkdir -p
configure:2412: result: /scratchbox/tools/bin/mkdir -p
configure:2425: checking for gawk
configure:2441: found /scratchbox/tools/bin/gawk
configure:2452: result: gawk
configure:2463: checking whether make sets $(MAKE)
configure:2485: result: yes
configure:2566: checking whether to enable maintainer-specific portions of Makefiles
configure:2575: result: no
configure:2613: checking for style of include used by make
configure:2641: result: GNU
configure:2711: checking for gcc
configure:2727: found /scratchbox/compilers/bin/gcc
configure:2738: result: gcc
configure:2967: checking for C compiler version
configure:2976: gcc --version >&5
sbox-arm-none-linux-gnueabi-gcc ('cs2009q3-hard-67-sb16') 4.4.1
Copyright (C) 2009 Free Software Foundation, Inc.
This is free software; see the source for copying conditions.  There is NO
warranty; not even for MERCHANTABILITY or FITNESS FOR A PARTICULAR PURPOSE.

configure:2987: $? = 0
configure:2976: gcc -v >&5
Using built-in specs.
Reading specs from /scratchbox/compilers/cs2009q3-eglibc2.10-armv7-hard/gcc.specs
rename spec cpp to old_cpp
rename spec cc1 to old_cc1
rename spec link to old_link
rename spec mflib to old_mflib
Target: arm-none-linux-gnueabi
Configured with: /home/jhakala/cs2009q3-sb16/arm-hard/src/gcc-4.4/configure --build=i686-pc-linux-gnu --host=i686-pc-linux-gnu --target=arm-none-linux-gnueabi --enable-threads --disable-libmudflap --disable-libssp --disable-libstdcxx-pch --with-arch=armv7-a --with-float=hard --with-fpu=neon --with-gnu-as --with-gnu-ld --with-specs='%{funwind-tables|fno-unwind-tables|mabi=*|ffreestanding|nostdlib:;:-funwind-tables} %{O2:%{!fno-remove-local-statics: -fremove-local-statics}} %{O*:%{O|O0|O1|O2|Os:;:%{!fno-remove-local-statics: -fremove-local-statics}}}' --enable-languages=c,c++ --enable-shared --disable-lto --enable-symvers=gnu --enable-__cxa_atexit --with-pkgversion=''\''cs2009q3-hard-67-sb16'\''' --with-bugurl=''\''https://bugs.maemo.org/'\''' --disable-nls --prefix=/opt/cs2009q3-hard-67-sb16 --with-sysroot=/opt/cs2009q3-hard-67-sb16/arm-none-linux-gnueabi/libc --with-build-sysroot=/home/jhakala/cs2009q3-sb16/arm-hard/build/install/arm-none-linux-gnueabi/libc --with-gmp=/home/jhakala/cs2009q3-sb16/arm-hard/build/obj/host-libs-cs2009q3-eglibc2.10-armv7-hard-arm-none-linux-gnueabi-i686-pc-linux-gnu/usr --with-mpfr=/home/jhakala/cs2009q3-sb16/arm-hard/build/obj/host-libs-cs2009q3-eglibc2.10-armv7-hard-arm-none-linux-gnueabi-i686-pc-linux-gnu/usr --with-ppl=/home/jhakala/cs2009q3-sb16/arm-hard/build/obj/host-libs-cs2009q3-eglibc2.10-armv7-hard-arm-none-linux-gnueabi-i686-pc-linux-gnu/usr --with-host-libstdcxx='-static-libgcc -Wl,-Bstatic,-lstdc++,-Bdynamic -lm' --with-cloog=/home/jhakala/cs2009q3-sb16/arm-hard/build/obj/host-libs-cs2009q3-eglibc2.10-armv7-hard-arm-none-linux-gnueabi-i686-pc-linux-gnu/usr --disable-libgomp --with-build-time-tools=/home/jhakala/cs2009q3-sb16/arm-hard/build/install/arm-none-linux-gnueabi/bin --enable-clocale=gnu
Thread model: posix
gcc version 4.4.1 ('cs2009q3-hard-67-sb16') 
configure:2987: $? = 0
configure:2976: gcc -V >&5
sbox-arm-none-linux-gnueabi-gcc: '-V' must come at the start of the command line
configure:2987: $? = 1
configure:2976: gcc -qversion >&5
sbox-arm-none-linux-gnueabi-gcc: unrecognized option '-qversion'
sbox-arm-none-linux-gnueabi-gcc: no input files
configure:2987: $? = 1
configure:3007: checking whether the C compiler works
configure:3029: gcc    conftest.c  >&5
configure:3033: $? = 0
configure:3081: result: yes
configure:3084: checking for C compiler default output file name
configure:3086: result: a.out
configure:3092: checking for suffix of executables
configure:3099: gcc -o conftest    conftest.c  >&5
configure:3103: $? = 0
configure:3125: result: 
configure:3147: checking whether we are cross compiling
configure:3155: gcc -o conftest    conftest.c  >&5
configure:3159: $? = 0
configure:3166: ./conftest
configure:3170: $? = 0
configure:3185: result: no
configure:3190: checking for suffix of object files
configure:3212: gcc -c   conftest.c >&5
configure:3216: $? = 0
configure:3237: result: o
configure:3241: checking whether we are using the GNU C compiler
configure:3260: gcc -c   conftest.c >&5
configure:3260: $? = 0
configure:3269: result: yes
configure:3278: checking whether gcc accepts -g
configure:3298: gcc -c -g  conftest.c >&5
configure:3298: $? = 0
configure:3339: result: yes
configure:3356: checking for gcc option to accept ISO C89
configure:3420: gcc  -c -g -O2  conftest.c >&5
configure:3420: $? = 0
configure:3433: result: none needed
configure:3455: checking dependency style of gcc
configure:3565: result: gcc3
configure:3580: checking for gcc option to accept ISO C99
configure:3729: gcc  -c -g -O2  conftest.c >&5
conftest.c:61: error: expected ';', ',' or ')' before 'text'
conftest.c: In function 'main':
conftest.c:115: error: expected '=', ',', ';', 'asm' or '__attribute__' before 'newvar'
conftest.c:115: error: 'newvar' undeclared (first use in this function)
conftest.c:115: error: (Each undeclared identifier is reported only once
conftest.c:115: error: for each function it appears in.)
conftest.c:125: error: 'for' loop initial declarations are only allowed in C99 mode
conftest.c:125: note: use option -std=c99 or -std=gnu99 to compile your code
configure:3729: $? = 1
configure: failed program was:
| /* confdefs.h */
| #define PACKAGE_NAME "xrandr"
| #define PACKAGE_TARNAME "xrandr"
| #define PACKAGE_VERSION "1.3.4"
| #define PACKAGE_STRING "xrandr 1.3.4"
| #define PACKAGE_BUGREPORT "https://bugs.freedesktop.org/enter_bug.cgi?product=xorg"
| #define PACKAGE_URL ""
| #define PACKAGE "xrandr"
| #define VERSION "1.3.4"
| /* end confdefs.h.  */
| #include <stdarg.h>
| #include <stdbool.h>
| #include <stdlib.h>
| #include <wchar.h>
| #include <stdio.h>
| 
| // Check varargs macros.  These examples are taken from C99 6.10.3.5.
| #define debug(...) fprintf (stderr, __VA_ARGS__)
| #define showlist(...) puts (#__VA_ARGS__)
| #define report(test,...) ((test) ? puts (#test) : printf (__VA_ARGS__))
| static void
| test_varargs_macros (void)
| {
|   int x = 1234;
|   int y = 5678;
|   debug ("Flag");
|   debug ("X = %d\n", x);
|   showlist (The first, second, and third items.);
|   report (x>y, "x is %d but y is %d", x, y);
| }
| 
| // Check long long types.
| #define BIG64 18446744073709551615ull
| #define BIG32 4294967295ul
| #define BIG_OK (BIG64 / BIG32 == 4294967297ull && BIG64 % BIG32 == 0)
| #if !BIG_OK
|   your preprocessor is broken;
| #endif
| #if BIG_OK
| #else
|   your preprocessor is broken;
| #endif
| static long long int bignum = -9223372036854775807LL;
| static unsigned long long int ubignum = BIG64;
| 
| struct incomplete_array
| {
|   int datasize;
|   double data[];
| };
| 
| struct named_init {
|   int number;
|   const wchar_t *name;
|   double average;
| };
| 
| typedef const char *ccp;
| 
| static inline int
| test_restrict (ccp restrict text)
| {
|   // See if C++-style comments work.
|   // Iterate through items via the restricted pointer.
|   // Also check for declarations in for loops.
|   for (unsigned int i = 0; *(text+i) != '\0'; ++i)
|     continue;
|   return 0;
| }
| 
| // Check varargs and va_copy.
| static void
| test_varargs (const char *format, ...)
| {
|   va_list args;
|   va_start (args, format);
|   va_list args_copy;
|   va_copy (args_copy, args);
| 
|   const char *str;
|   int number;
|   float fnumber;
| 
|   while (*format)
|     {
|       switch (*format++)
| 	{
| 	case 's': // string
| 	  str = va_arg (args_copy, const char *);
| 	  break;
| 	case 'd': // int
| 	  number = va_arg (args_copy, int);
| 	  break;
| 	case 'f': // float
| 	  fnumber = va_arg (args_copy, double);
| 	  break;
| 	default:
| 	  break;
| 	}
|     }
|   va_end (args_copy);
|   va_end (args);
| }
| 
| int
| main ()
| {
| 
|   // Check bool.
|   _Bool success = false;
| 
|   // Check restrict.
|   if (test_restrict ("String literal") == 0)
|     success = true;
|   char *restrict newvar = "Another string";
| 
|   // Check varargs.
|   test_varargs ("s, d' f .", "string", 65, 34.234);
|   test_varargs_macros ();
| 
|   // Check flexible array members.
|   struct incomplete_array *ia =
|     malloc (sizeof (struct incomplete_array) + (sizeof (double) * 10));
|   ia->datasize = 10;
|   for (int i = 0; i < ia->datasize; ++i)
|     ia->data[i] = i * 1.234;
| 
|   // Check named initializers.
|   struct named_init ni = {
|     .number = 34,
|     .name = L"Test wide string",
|     .average = 543.34343,
|   };
| 
|   ni.number = 58;
| 
|   int dynamic_array[ni.number];
|   dynamic_array[ni.number - 1] = 543;
| 
|   // work around unused variable warnings
|   return (!success || bignum == 0LL || ubignum == 0uLL || newvar[0] == 'x'
| 	  || dynamic_array[ni.number - 1] != 543);
| 
|   ;
|   return 0;
| }
configure:3729: gcc -std=gnu99 -c -g -O2  conftest.c >&5
configure:3729: $? = 0
configure:3749: result: -std=gnu99
configure:3763: checking how to run the C preprocessor
configure:3794: gcc -std=gnu99 -E  conftest.c
configure:3794: $? = 0
configure:3808: gcc -std=gnu99 -E  conftest.c
conftest.c:11: fatal error: ac_nonexistent.h: No such file or directory
compilation terminated.
configure:3808: $? = 1
configure: failed program was:
| /* confdefs.h */
| #define PACKAGE_NAME "xrandr"
| #define PACKAGE_TARNAME "xrandr"
| #define PACKAGE_VERSION "1.3.4"
| #define PACKAGE_STRING "xrandr 1.3.4"
| #define PACKAGE_BUGREPORT "https://bugs.freedesktop.org/enter_bug.cgi?product=xorg"
| #define PACKAGE_URL ""
| #define PACKAGE "xrandr"
| #define VERSION "1.3.4"
| /* end confdefs.h.  */
| #include <ac_nonexistent.h>
configure:3833: result: gcc -std=gnu99 -E
configure:3853: gcc -std=gnu99 -E  conftest.c
configure:3853: $? = 0
configure:3867: gcc -std=gnu99 -E  conftest.c
conftest.c:11: fatal error: ac_nonexistent.h: No such file or directory
compilation terminated.
configure:3867: $? = 1
configure: failed program was:
| /* confdefs.h */
| #define PACKAGE_NAME "xrandr"
| #define PACKAGE_TARNAME "xrandr"
| #define PACKAGE_VERSION "1.3.4"
| #define PACKAGE_STRING "xrandr 1.3.4"
| #define PACKAGE_BUGREPORT "https://bugs.freedesktop.org/enter_bug.cgi?product=xorg"
| #define PACKAGE_URL ""
| #define PACKAGE "xrandr"
| #define VERSION "1.3.4"
| /* end confdefs.h.  */
| #include <ac_nonexistent.h>
configure:3896: checking for grep that handles long lines and -e
configure:3954: result: /scratchbox/tools/bin/grep
configure:3959: checking for egrep
configure:4021: result: /scratchbox/tools/bin/grep -E
configure:4026: checking for ANSI C header files
configure:4046: gcc -std=gnu99 -c -g -O2  conftest.c >&5
configure:4046: $? = 0
configure:4119: gcc -std=gnu99 -o conftest -g -O2   conftest.c  >&5
configure:4119: $? = 0
configure:4119: ./conftest
configure:4119: $? = 0
configure:4130: result: yes
configure:4143: checking for sys/types.h
configure:4143: gcc -std=gnu99 -c -g -O2  conftest.c >&5
configure:4143: $? = 0
configure:4143: result: yes
configure:4143: checking for sys/stat.h
configure:4143: gcc -std=gnu99 -c -g -O2  conftest.c >&5
configure:4143: $? = 0
configure:4143: result: yes
configure:4143: checking for stdlib.h
configure:4143: gcc -std=gnu99 -c -g -O2  conftest.c >&5
configure:4143: $? = 0
configure:4143: result: yes
configure:4143: checking for string.h
configure:4143: gcc -std=gnu99 -c -g -O2  conftest.c >&5
configure:4143: $? = 0
configure:4143: result: yes
configure:4143: checking for memory.h
configure:4143: gcc -std=gnu99 -c -g -O2  conftest.c >&5
configure:4143: $? = 0
configure:4143: result: yes
configure:4143: checking for strings.h
configure:4143: gcc -std=gnu99 -c -g -O2  conftest.c >&5
configure:4143: $? = 0
configure:4143: result: yes
configure:4143: checking for inttypes.h
configure:4143: gcc -std=gnu99 -c -g -O2  conftest.c >&5
configure:4143: $? = 0
configure:4143: result: yes
configure:4143: checking for stdint.h
configure:4143: gcc -std=gnu99 -c -g -O2  conftest.c >&5
configure:4143: $? = 0
configure:4143: result: yes
configure:4143: checking for unistd.h
configure:4143: gcc -std=gnu99 -c -g -O2  conftest.c >&5
configure:4143: $? = 0
configure:4143: result: yes
configure:4204: checking for pkg-config
configure:4222: found /usr/bin/pkg-config
configure:4234: result: /usr/bin/pkg-config
configure:4259: checking pkg-config is at least version 0.9.0
configure:4262: result: yes
configure:4275: checking build system type
configure:4289: result: arm-unknown-linux-gnueabi
configure:4309: checking host system type
configure:4322: result: arm-unknown-linux-gnueabi
configure:4342: checking for a sed that does not truncate output
configure:4406: result: /scratchbox/tools/bin/sed
configure:4624: checking for floor in -lm
configure:4649: gcc -std=gnu99 -o conftest -g -O2   conftest.c -lm   >&5
conftest.c:31: warning: conflicting types for built-in function 'floor'
configure:4649: $? = 0
configure:4658: result: yes
configure:4673: checking for XRANDR
configure:4680: $PKG_CONFIG --exists --print-errors "xrandr >= 1.3 xrender x11"
configure:4683: $? = 0
configure:4696: $PKG_CONFIG --exists --print-errors "xrandr >= 1.3 xrender x11"
configure:4699: $? = 0
configure:4753: result: yes
configure:4894: creating ./config.status

## ---------------------- ##
## Running config.status. ##
## ---------------------- ##

This file was extended by xrandr config.status 1.3.4, which was
generated by GNU Autoconf 2.68.  Invocation command line was

  CONFIG_FILES    = 
  CONFIG_HEADERS  = 
  CONFIG_LINKS    = 
  CONFIG_COMMANDS = 
  $ ./config.status 

on blackiii

config.status:903: creating Makefile
config.status:903: creating config.h
config.status:1132: executing depfiles commands

## ---------------- ##
## Cache variables. ##
## ---------------- ##

ac_cv_build=arm-unknown-linux-gnueabi
ac_cv_c_compiler_gnu=yes
ac_cv_env_CC_set=
ac_cv_env_CC_value=
ac_cv_env_CFLAGS_set=
ac_cv_env_CFLAGS_value=
ac_cv_env_CPPFLAGS_set=
ac_cv_env_CPPFLAGS_value=
ac_cv_env_CPP_set=
ac_cv_env_CPP_value=
ac_cv_env_LDFLAGS_set=
ac_cv_env_LDFLAGS_value=
ac_cv_env_LIBS_set=
ac_cv_env_LIBS_value=
ac_cv_env_PKG_CONFIG_set=
ac_cv_env_PKG_CONFIG_value=
ac_cv_env_XRANDR_CFLAGS_set=
ac_cv_env_XRANDR_CFLAGS_value=
ac_cv_env_XRANDR_LIBS_set=
ac_cv_env_XRANDR_LIBS_value=
ac_cv_env_build_alias_set=
ac_cv_env_build_alias_value=
ac_cv_env_host_alias_set=
ac_cv_env_host_alias_value=
ac_cv_env_target_alias_set=
ac_cv_env_target_alias_value=
ac_cv_header_inttypes_h=yes
ac_cv_header_memory_h=yes
ac_cv_header_stdc=yes
ac_cv_header_stdint_h=yes
ac_cv_header_stdlib_h=yes
ac_cv_header_string_h=yes
ac_cv_header_strings_h=yes
ac_cv_header_sys_stat_h=yes
ac_cv_header_sys_types_h=yes
ac_cv_header_unistd_h=yes
ac_cv_host=arm-unknown-linux-gnueabi
ac_cv_lib_m_floor=yes
ac_cv_objext=o
ac_cv_path_EGREP='/scratchbox/tools/bin/grep -E'
ac_cv_path_GREP=/scratchbox/tools/bin/grep
ac_cv_path_SED=/scratchbox/tools/bin/sed
ac_cv_path_ac_pt_PKG_CONFIG=/usr/bin/pkg-config
ac_cv_path_install='/scratchbox/tools/bin/install -c'
ac_cv_path_mkdir=/scratchbox/tools/bin/mkdir
ac_cv_prog_AWK=gawk
ac_cv_prog_CPP='gcc -std=gnu99 -E'
ac_cv_prog_ac_ct_CC=gcc
ac_cv_prog_cc_c89=
ac_cv_prog_cc_c99=-std=gnu99
ac_cv_prog_cc_g=yes
ac_cv_prog_make_make_set=yes
am_cv_CC_dependencies_compiler_type=gcc3
pkg_cv_XRANDR_CFLAGS=' '
pkg_cv_XRANDR_LIBS='-lXrandr -lXrender -lX11  '

## ----------------- ##
## Output variables. ##
## ----------------- ##

ACLOCAL='${SHELL} /home/qwazix/cordia/xrandr-1.3.4/missing --run aclocal-1.11'
ADMIN_MAN_DIR='$(mandir)/man$(ADMIN_MAN_SUFFIX)'
ADMIN_MAN_SUFFIX='8'
AMDEPBACKSLASH='\'
AMDEP_FALSE='#'
AMDEP_TRUE=''
AMTAR='${SHELL} /home/qwazix/cordia/xrandr-1.3.4/missing --run tar'
AM_BACKSLASH='\'
AM_DEFAULT_VERBOSITY='0'
APP_MAN_DIR='$(mandir)/man$(APP_MAN_SUFFIX)'
APP_MAN_SUFFIX='1'
AUTOCONF='${SHELL} /home/qwazix/cordia/xrandr-1.3.4/missing --run autoconf'
AUTOHEADER='${SHELL} /home/qwazix/cordia/xrandr-1.3.4/missing --run autoheader'
AUTOMAKE='${SHELL} /home/qwazix/cordia/xrandr-1.3.4/missing --run automake-1.11'
AWK='gawk'
CC='gcc -std=gnu99'
CCDEPMODE='depmode=gcc3'
CFLAGS='-g -O2'
CHANGELOG_CMD='(GIT_DIR=$(top_srcdir)/.git git log > $(top_srcdir)/.changelog.tmp && mv $(top_srcdir)/.changelog.tmp $(top_srcdir)/ChangeLog) || (rm -f $(top_srcdir)/.changelog.tmp; touch $(top_srcdir)/ChangeLog; echo '\''git directory not found: installing possibly empty changelog.'\'' >&2)'
CPP='gcc -std=gnu99 -E'
CPPFLAGS=''
CWARNFLAGS='-Wall -Wpointer-arith -Wstrict-prototypes -Wmissing-prototypes -Wmissing-declarations -Wnested-externs -fno-strict-aliasing -Wbad-function-cast -Wformat=2 -Wold-style-definition -Wdeclaration-after-statement '
CYGPATH_W='echo'
DEFS='-DHAVE_CONFIG_H'
DEPDIR='.deps'
DRIVER_MAN_DIR='$(mandir)/man$(DRIVER_MAN_SUFFIX)'
DRIVER_MAN_SUFFIX='4'
ECHO_C=''
ECHO_N='-n'
ECHO_T=''
EGREP='/scratchbox/tools/bin/grep -E'
EXEEXT=''
FILE_MAN_DIR='$(mandir)/man$(FILE_MAN_SUFFIX)'
FILE_MAN_SUFFIX='5'
GREP='/scratchbox/tools/bin/grep'
INSTALL_CMD='(cp -f /INSTALL $(top_srcdir)/.INSTALL.tmp && mv $(top_srcdir)/.INSTALL.tmp $(top_srcdir)/INSTALL) || (rm -f $(top_srcdir)/.INSTALL.tmp; touch $(top_srcdir)/INSTALL; echo '\''util-macros "pkgdatadir" from xorg-macros.pc not found: installing possibly empty INSTALL.'\'' >&2)'
INSTALL_DATA='${INSTALL} -m 644'
INSTALL_PROGRAM='${INSTALL}'
INSTALL_SCRIPT='${INSTALL}'
INSTALL_STRIP_PROGRAM='$(install_sh) -c -s'
LDFLAGS=''
LIBOBJS=''
LIBS='-lm '
LIB_MAN_DIR='$(mandir)/man$(LIB_MAN_SUFFIX)'
LIB_MAN_SUFFIX='3'
LTLIBOBJS=''
MAINT='#'
MAINTAINER_MODE_FALSE=''
MAINTAINER_MODE_TRUE='#'
MAKEINFO='${SHELL} /home/qwazix/cordia/xrandr-1.3.4/missing --run makeinfo'
MAN_SUBSTS='	-e '\''s|__vendorversion__|"$(PACKAGE_STRING)" "$(XORG_MAN_PAGE)"|'\'' 	-e '\''s|__xorgversion__|"$(PACKAGE_STRING)" "$(XORG_MAN_PAGE)"|'\'' 	-e '\''s|__xservername__|Xorg|g'\'' 	-e '\''s|__xconfigfile__|xorg.conf|g'\'' 	-e '\''s|__projectroot__|$(prefix)|g'\'' 	-e '\''s|__apploaddir__|$(appdefaultdir)|g'\'' 	-e '\''s|__appmansuffix__|$(APP_MAN_SUFFIX)|g'\'' 	-e '\''s|__drivermansuffix__|$(DRIVER_MAN_SUFFIX)|g'\'' 	-e '\''s|__adminmansuffix__|$(ADMIN_MAN_SUFFIX)|g'\'' 	-e '\''s|__libmansuffix__|$(LIB_MAN_SUFFIX)|g'\'' 	-e '\''s|__miscmansuffix__|$(MISC_MAN_SUFFIX)|g'\'' 	-e '\''s|__filemansuffix__|$(FILE_MAN_SUFFIX)|g'\'''
MISC_MAN_DIR='$(mandir)/man$(MISC_MAN_SUFFIX)'
MISC_MAN_SUFFIX='7'
MKDIR_P='/scratchbox/tools/bin/mkdir -p'
OBJEXT='o'
PACKAGE='xrandr'
PACKAGE_BUGREPORT='https://bugs.freedesktop.org/enter_bug.cgi?product=xorg'
PACKAGE_NAME='xrandr'
PACKAGE_STRING='xrandr 1.3.4'
PACKAGE_TARNAME='xrandr'
PACKAGE_URL=''
PACKAGE_VERSION='1.3.4'
PATH_SEPARATOR=':'
PKG_CONFIG='/usr/bin/pkg-config'
SED='/scratchbox/tools/bin/sed'
SET_MAKE=''
SHELL='/bin/sh'
STRIP=''
VERSION='1.3.4'
XORG_MAN_PAGE='X Version 11'
XRANDR_CFLAGS=' '
XRANDR_LIBS='-lXrandr -lXrender -lX11  '
ac_ct_CC='gcc'
am__EXEEXT_FALSE=''
am__EXEEXT_TRUE='#'
am__fastdepCC_FALSE='#'
am__fastdepCC_TRUE=''
am__include='include'
am__isrc=''
am__leading_dot='.'
am__quote=''
am__tar='${AMTAR} chof - "$$tardir"'
am__untar='${AMTAR} xf -'
bindir='${exec_prefix}/bin'
build='arm-unknown-linux-gnueabi'
build_alias=''
build_cpu='arm'
build_os='linux-gnueabi'
build_vendor='unknown'
datadir='${datarootdir}'
datarootdir='${prefix}/share'
docdir='${datarootdir}/doc/${PACKAGE_TARNAME}'
dvidir='${docdir}'
exec_prefix='${prefix}'
host='arm-unknown-linux-gnueabi'
host_alias=''
host_cpu='arm'
host_os='linux-gnueabi'
host_vendor='unknown'
htmldir='${docdir}'
includedir='${prefix}/include'
infodir='${datarootdir}/info'
install_sh='${SHELL} /home/qwazix/cordia/xrandr-1.3.4/install-sh'
libdir='${exec_prefix}/lib'
libexecdir='${exec_prefix}/libexec'
localedir='${datarootdir}/locale'
localstatedir='${prefix}/var'
mandir='${datarootdir}/man'
mkdir_p='/scratchbox/tools/bin/mkdir -p'
oldincludedir='/usr/include'
pdfdir='${docdir}'
prefix='/usr/local'
program_transform_name='s,x,x,'
psdir='${docdir}'
sbindir='${exec_prefix}/sbin'
sharedstatedir='${prefix}/com'
sysconfdir='${prefix}/etc'
target_alias=''

## ----------- ##
## confdefs.h. ##
## ----------- ##

/* confdefs.h */
#define PACKAGE_NAME "xrandr"
#define PACKAGE_TARNAME "xrandr"
#define PACKAGE_VERSION "1.3.4"
#define PACKAGE_STRING "xrandr 1.3.4"
#define PACKAGE_BUGREPORT "https://bugs.freedesktop.org/enter_bug.cgi?product=xorg"
#define PACKAGE_URL ""
#define PACKAGE "xrandr"
#define VERSION "1.3.4"
#define STDC_HEADERS 1
#define HAVE_SYS_TYPES_H 1
#define HAVE_SYS_STAT_H 1
#define HAVE_STDLIB_H 1
#define HAVE_STRING_H 1
#define HAVE_MEMORY_H 1
#define HAVE_STRINGS_H 1
#define HAVE_INTTYPES_H 1
#define HAVE_STDINT_H 1
#define HAVE_UNISTD_H 1
#define PACKAGE_VERSION_MAJOR 1
#define PACKAGE_VERSION_MINOR 3
#define PACKAGE_VERSION_PATCHLEVEL 4
#define HAVE_LIBM 1

configure: exit 0
